GSM774313: ThyDP RNA_seq sample2
GSM774312: ThyDP RNA_seq sample1
GSM774311: ThyDN3 RNA_seq sample2
GSM774310: ThyDN3 RNA_seq sample1
GSM774302: ThyDP Input sample1
GSM774297: ThyDP GATA3 sample1
GSM774294: ThyDP PU.1 sample1
GSM774290: ThyDP H3K27me3 sample2
GSM774289: ThyDP H3K27me3 sample1
GSM774288: ThyDN3 H3K27me3 sample2
GSM774287: ThyDN3 H3K27me3 sample1
GSM774281: ThyDP H3K4me2 sample2
GSM774280: ThyDP H3K4me2 sample1
GSM774279: ThyDN3 H3K4me2 sample2
GSM774278: ThyDN3 H3K4me2 sample1
GSM774272: ThyDP H3Ac sample2
GSM774271: ThyDP H3Ac sample1
GSM774270: ThyDN3 H3Ac sample2
GSM774269: ThyDN3 H3Ac sample1
RNA_seq
RNA_seq
RNA_seq
RNA_seq
Input
GATA3
PU.1
H3K27me3
H3K27me3
H3K27me3
H3K27me3
H3K4me2
H3K4me2
H3K4me2
H3K4me2
H3Ac
H3Ac
H3Ac
H3Ac
SRR330856
SRR330856 ThyDP RNA_seq
Read 1 spots for SRR330856
Written 1 spots for SRR330856
SRR330855
SRR330855 ThyDP RNA_seq
Read 1 spots for SRR330855
Written 1 spots for SRR330855
SRR330854
SRR330854 ThyDN3 RNA_seq
Read 1 spots for SRR330854
Written 1 spots for SRR330854
SRR330853
SRR330853 ThyDN3 RNA_seq
Read 1 spots for SRR330853
Written 1 spots for SRR330853
SRR330845 ThyDP Input
Read 1 spots for SRR330845
Written 1 spots for SRR330845
SRR330839 ThyDP GATA3
Read 1 spots for SRR330839
Written 1 spots for SRR330839
SRR330836 ThyDP PU.1
Read 1 spots for SRR330836
Written 1 spots for SRR330836
SRR330832 ThyDP H3K27me3
Read 1 spots for SRR330832
Written 1 spots for SRR330832
SRR330830 ThyDP H3K27me3
Read 1 spots for SRR330830
Written 1 spots for SRR330830
SRR330831 ThyDP H3K27me3
Read 1 spots for SRR330831
Written 1 spots for SRR330831
SRR330828 ThyDN3 H3K27me3
Read 1 spots for SRR330828
Written 1 spots for SRR330828
SRR330829 ThyDN3 H3K27me3
Read 1 spots for SRR330829
Written 1 spots for SRR330829
SRR330825 ThyDN3 H3K27me3
Read 1 spots for SRR330825
Written 1 spots for SRR330825
SRR330826 ThyDN3 H3K27me3
Read 1 spots for SRR330826
Written 1 spots for SRR330826
SRR330827 ThyDN3 H3K27me3
Read 1 spots for SRR330827
Written 1 spots for SRR330827
SRR330813 ThyDP H3K4me2
Read 1 spots for SRR330813
Written 1 spots for SRR330813
SRR330811 ThyDP H3K4me2
Read 1 spots for SRR330811
Written 1 spots for SRR330811
SRR330812 ThyDP H3K4me2
Read 1 spots for SRR330812
Written 1 spots for SRR330812
SRR330810 ThyDN3 H3K4me2
Read 1 spots for SRR330810
Written 1 spots for SRR330810
SRR330808 ThyDN3 H3K4me2
Read 1 spots for SRR330808
Written 1 spots for SRR330808
SRR330809 ThyDN3 H3K4me2
Read 1 spots for SRR330809
Written 1 spots for SRR330809
SRR330799 ThyDP H3Ac
Read 1 spots for SRR330799
Written 1 spots for SRR330799
SRR330795 ThyDP H3Ac
Read 1 spots for SRR330795
Written 1 spots for SRR330795
SRR330796 ThyDP H3Ac
Read 1 spots for SRR330796
Written 1 spots for SRR330796
SRR330797 ThyDP H3Ac
Read 1 spots for SRR330797
Written 1 spots for SRR330797
SRR330798 ThyDP H3Ac
Read 1 spots for SRR330798
Written 1 spots for SRR330798
SRR330794 ThyDN3 H3Ac
Read 1 spots for SRR330794
Written 1 spots for SRR330794
SRR330792 ThyDN3 H3Ac
Read 1 spots for SRR330792
Written 1 spots for SRR330792
SRR330793 ThyDN3 H3Ac
Read 1 spots for SRR330793
Written 1 spots for SRR330793
